2024-07-31T00:26:09.915335 - Processed: data_240730_222618_1420MHz_HI.fits
2024-07-31T16:09:33.293695 - Processed: data_240731_140332_1420MHz_HI.fits
2024-08-02T11:51:18.065034 - Processed: data_240802_115035_1420MHz_HI.fits
2024-08-02T11:53:53.798896 - Processed: data_240802_115051_408MHz_Haslam.fits
2024-08-02T11:56:29.746447 - Processed: data_240802_115106_151MHz_6C.fits
2024-08-02T12:02:53.728152 - Processed: data_240802_115122_50MHz_8C.fits
2024-08-02T12:02:56.141607 - Processed: data_240802_115137_323MHz_Deuterium.fits
2024-08-02T12:02:58.617508 - Processed: data_240802_115153_1611MHz_OH.fits
2024-08-02T12:03:01.092449 - Processed: data_240802_115208_1665MHz_OH.fits
2024-08-02T12:03:03.614048 - Processed: data_240802_115224_1667MHz_OH.fits
2024-08-02T12:03:06.180471 - Processed: data_240802_115239_1720MHz_OH.fits
2024-08-02T12:03:08.577537 - Processed: data_240802_115255_2291MHz_H2CO.fits
2024-08-02T12:03:11.052575 - Processed: data_240802_115310_2671MHz_RRL.fits
2024-08-02T12:03:51.941408 - Processed: data_240802_115326_3261MHz_CH.fits
2024-08-02T12:03:54.421350 - Processed: data_240802_115341_3336MHz_CH.fits
2024-08-02T12:03:56.907677 - Processed: data_240802_115357_3349MHz_CH.fits
2024-08-02T12:03:59.296205 - Processed: data_240802_115412_4830MHz_H2CO.fits
2024-08-02T12:04:01.776110 - Processed: data_240802_115427_5290MHz_OH.fits
2024-08-02T12:04:04.259287 - Processed: data_240802_115443_5885MHz_CH3OH.fits
2024-08-02T12:04:06.682814 - Processed: data_240802_115458_600MHz_Pulsar.fits
2024-08-02T12:04:09.081614 - Processed: data_240802_115514_1400MHz_Pulsar.fits
2024-08-02T12:04:11.644546 - Processed: data_240802_115529_327MHz_Pulsar.fits
2024-08-02T12:04:14.126358 - Processed: data_240802_115545_74MHz_Pulsar.fits
2024-08-02T12:04:16.510109 - Processed: data_240802_115600_408.7MHz_Pulsar.fits
2024-08-02T12:04:18.892070 - Processed: data_240802_115616_850MHz_Pulsar.fits
2024-08-02T12:04:21.369207 - Processed: data_240802_115631_1500MHz_Pulsar.fits
2024-08-02T12:04:23.845920 - Processed: data_240802_115647_1427MHz_HI.fits
2024-08-02T12:04:26.317405 - Processed: data_240802_115702_575MHz_HCN.fits
2024-08-02T12:04:28.702638 - Processed: data_240802_115718_5550MHz_H2O.fits
2024-08-02T12:04:31.185167 - Processed: data_240802_115733_40.5MHz_Galactic_Synchrotron.fits
2024-08-02T12:04:43.323158 - Processed: data_240802_115749_62.5MHz_Low_Frequency_Interference.fits
2024-08-02T12:04:55.618122 - Processed: data_240802_115804_82.5MHz_Extragalactic_Radio_Lobes.fits
2024-08-02T12:05:07.780977 - Processed: data_240802_115820_25MHz_Solar_Radio_Bursts.fits
2024-08-02T12:05:20.073304 - Processed: data_240802_115835_47.5MHz_Interstellar_Absorption.fits
2024-08-02T12:05:32.377079 - Processed: data_240802_115851_97.5MHz_Solar_Coronal_Loops.fits
2024-08-02T12:06:15.315747 - Processed: data_240802_115907_Gyrosynchrotron_Emission.fits
2024-08-02T12:06:27.530622 - Processed: data_240802_115923_Solar_Type_I_Burst.fits
2024-08-02T12:06:39.208827 - Processed: data_240802_115938_Solar_Type_II_Burst.fits
2024-08-02T12:06:52.003978 - Processed: data_240802_115954_Solar_Type_III_Burst.fits
2024-08-02T12:07:03.859989 - Processed: data_240802_120010_Solar_Type_IV_Burst.fits
2024-08-02T12:07:16.097274 - Processed: data_240802_120026_Solar_Type_V_Burst.fits
2024-08-02T12:07:28.205276 - Processed: data_240802_120042_Plasma_Emission.fits
2024-08-02T12:08:09.240223 - Processed: data_240802_120058_Thermal_Bremsstrahlung_Emission.fits
2024-08-02T12:08:21.217015 - Processed: data_240802_120114_Non_Thermal_Continuum_Emission.fits
2024-08-02T12:13:45.132495 - Processed: data_240802_121342_1420MHz_HI.fits
2024-08-02T12:14:00.712286 - Processed: data_240802_121357_408MHz_Haslam.fits
2024-08-02T12:14:16.191878 - Processed: data_240802_121413_151MHz_6C.fits
2024-08-02T12:14:31.742960 - Processed: data_240802_121428_50MHz_8C.fits
2024-08-02T12:14:47.324285 - Processed: data_240802_121444_323MHz_Deuterium.fits
2024-08-02T12:15:02.850062 - Processed: data_240802_121459_1611MHz_OH.fits
2024-08-02T12:15:18.484259 - Processed: data_240802_121515_1665MHz_OH.fits
2024-08-02T12:15:34.025235 - Processed: data_240802_121530_1667MHz_OH.fits
2024-08-02T12:15:49.533511 - Processed: data_240802_121546_1720MHz_OH.fits
2024-08-02T12:16:05.015206 - Processed: data_240802_121601_2291MHz_H2CO.fits
2024-08-02T12:16:20.502993 - Processed: data_240802_121617_2671MHz_RRL.fits
2024-08-02T12:16:36.015905 - Processed: data_240802_121632_3261MHz_CH.fits
2024-08-02T12:19:46.485196 - Processed: data_240802_121913_1420MHz_HI.fits
2024-08-02T12:22:42.587785 - Processed: data_240802_122205_1420MHz_HI.fits
2024-08-02T12:26:32.560067 - Processed: data_240802_122221_408MHz_Haslam.fits
2024-08-02T12:30:22.317574 - Processed: data_240802_122236_151MHz_6C.fits
2024-08-02T12:37:39.795209 - Processed: data_240802_123657_1420MHz_HI.fits
2024-08-02T12:41:32.395692 - Processed: data_240802_123713_408MHz_Haslam.fits
2024-08-02T12:45:30.520179 - Processed: data_240802_123728_151MHz_6C.fits
2024-08-02T12:48:56.672499 - Processed: data_240802_123744_50MHz_8C.fits
2024-08-02T12:52:46.919960 - Processed: data_240802_123800_323MHz_Deuterium.fits
2024-08-02T12:53:27.543456 - Processed: data_240802_123815_1611MHz_OH.fits
2024-08-02T12:54:08.570673 - Processed: data_240802_123831_1665MHz_OH.fits
2024-08-02T12:54:49.111102 - Processed: data_240802_123846_1667MHz_OH.fits
2024-08-02T12:55:30.558921 - Processed: data_240802_123902_1720MHz_OH.fits
2024-08-02T12:56:12.862791 - Processed: data_240802_123917_2291MHz_H2CO.fits
2024-08-02T12:56:54.489726 - Processed: data_240802_123932_2671MHz_RRL.fits
2024-08-02T12:57:35.444289 - Processed: data_240802_123948_3261MHz_CH.fits
2024-08-02T12:58:16.628797 - Processed: data_240802_124003_3336MHz_CH.fits
2024-08-02T12:58:57.862462 - Processed: data_240802_124019_3349MHz_CH.fits
2024-08-02T12:59:39.134590 - Processed: data_240802_124034_4830MHz_H2CO.fits
2024-08-02T13:00:20.849776 - Processed: data_240802_124050_5290MHz_OH.fits
2024-08-02T13:01:02.984329 - Processed: data_240802_124105_5885MHz_CH3OH.fits
2024-08-02T13:05:01.632812 - Processed: data_240802_124121_600MHz_Pulsar.fits
2024-08-02T13:05:42.826778 - Processed: data_240802_124136_1400MHz_Pulsar.fits
2024-08-02T13:09:35.584922 - Processed: data_240802_124152_327MHz_Pulsar.fits
2024-08-02T13:13:01.287763 - Processed: data_240802_124208_74MHz_Pulsar.fits
2024-08-02T13:16:59.922908 - Processed: data_240802_124223_408.7MHz_Pulsar.fits
2024-08-02T13:20:51.451685 - Processed: data_240802_124239_850MHz_Pulsar.fits
2024-08-02T13:21:32.431175 - Processed: data_240802_124254_1500MHz_Pulsar.fits
2024-08-02T13:22:13.691530 - Processed: data_240802_124310_1427MHz_HI.fits
2024-08-02T13:26:03.967415 - Processed: data_240802_124325_575MHz_HCN.fits
2024-08-02T13:26:45.382022 - Processed: data_240802_124341_5550MHz_H2O.fits
2024-08-02T13:34:13.824682 - Processed: data_240802_124356_40.5MHz_Galactic_Synchrotron.fits
2024-08-02T13:37:58.155382 - Processed: data_240802_124412_62.5MHz_Low_Frequency_Interference.fits
2024-08-02T13:41:43.734203 - Processed: data_240802_124427_82.5MHz_Extragalactic_Radio_Lobes.fits
2024-08-02T13:45:14.966367 - Processed: data_240802_124442_25MHz_Solar_Radio_Bursts.fits
2024-08-02T13:48:56.674501 - Processed: data_240802_124458_47.5MHz_Interstellar_Absorption.fits
2024-08-02T13:52:38.711109 - Processed: data_240802_124513_97.5MHz_Solar_Coronal_Loops.fits
2024-08-02T13:53:20.065345 - Processed: data_240802_124529_Gyrosynchrotron_Emission.fits
2024-08-02T13:57:00.360711 - Processed: data_240802_124544_Solar_Type_I_Burst.fits
2024-08-02T14:00:53.473118 - Processed: data_240802_124600_Solar_Type_II_Burst.fits
2024-08-02T14:04:51.646906 - Processed: data_240802_124615_Solar_Type_III_Burst.fits
2024-08-02T14:08:43.181995 - Processed: data_240802_124631_Solar_Type_IV_Burst.fits
2024-08-02T14:12:34.426374 - Processed: data_240802_124646_Solar_Type_V_Burst.fits
2024-08-02T14:16:29.756956 - Processed: data_240802_124702_Plasma_Emission.fits
2024-08-02T14:17:11.195224 - Processed: data_240802_124717_Thermal_Bremsstrahlung_Emission.fits
2024-08-02T14:21:08.055811 - Processed: data_240802_124733_Non_Thermal_Continuum_Emission.fits
2024-08-02T15:10:43.888074 - Processed: data_240802_150651_Solar_Type_I_Burst.fits
2024-08-02T15:26:57.920720 - Processed: data_240802_152320_Solar_Type_I_Burst.fits
2024-08-02T15:31:09.092493 - Processed: data_240802_152907_Solar_Type_I_Burst.fits
2024-08-02T15:34:54.575628 - Processed: data_240802_153256_Solar_Type_I_Burst.fits
2024-08-02T15:41:52.155132 - Processed: data_240802_153954_Solar_Type_I_Burst.fits
2024-08-02T15:47:12.380816 - Processed: data_240802_154512_Solar_Type_I_Burst.fits
2024-08-02T15:49:50.471924 - Processed: data_240802_154817_Solar_Type_I_Burst.fits
2024-08-02T15:59:13.476589 - Processed: data_240802_155431_Solar_Type_I_Burst.fits
2024-08-02T16:12:01.922563 - Processed: data_240802_161139_Solar_Type_I_Burst.fits
2024-08-02T16:20:23.366899 - Processed: data_240802_161738_Solar_Type_I_Burst.fits
2024-08-02T16:34:12.362902 - Processed: data_240802_163330_Solar_Type_I_Burst.fits
2024-08-02T16:47:15.677869 - Processed: data_240802_164633_Solar_Type_I_Burst.fits
2024-08-02T16:51:45.646680 - Processed: data_240802_165102_Solar_Type_I_Burst.fits
2024-08-02T16:55:50.200305 - Processed: data_240802_165507_Solar_Type_I_Burst.fits
2024-08-02T17:00:16.821531 - Processed: data_240802_165933_Solar_Type_I_Burst.fits
2024-08-02T17:13:22.187652 - Processed: data_240802_171235_Solar_Type_I_Burst.fits
2024-08-02T18:45:49.685885 - Processed: data_240802_184502_Solar_Type_I_Burst.fits
2024-08-02T18:53:49.710191 - Processed: data_240802_185305_Solar_Type_I_Burst.fits
2024-08-02T19:18:17.147692 - Processed: data_240802_191732_Solar_Type_I_Burst.fits
2024-08-02T19:52:48.912967 - Processed: data_240802_195204_Solar_Type_I_Burst.fits
2024-08-02T19:59:55.627632 - Processed: data_240802_195910_Solar_Type_I_Burst.fits
2024-08-02T20:02:59.001406 - Processed: data_240802_200214_Solar_Type_I_Burst.fits
2024-08-02T20:11:28.361635 - Processed: data_240802_201043_Solar_Type_I_Burst.fits
2024-08-02T20:48:10.509857 - Processed: data_240802_204725_Solar_Type_I_Burst.fits
2024-08-02T21:18:16.204715 - Processed: data_240802_211733_Solar_Type_I_Burst.fits
2024-08-02T21:24:42.131507 - Processed: data_240802_212359_Solar_Type_I_Burst.fits
2024-08-02T22:05:10.714576 - Processed: data_240802_220059_Solar_Type_I_Burst.fits
2024-08-02T22:17:38.565491 - Processed: data_240802_221328_Solar_Type_I_Burst.fits
2024-08-02T22:26:52.121488 - Processed: data_240802_222238_Solar_Type_I_Burst.fits
2024-08-02T22:36:03.797657 - Processed: data_240802_223152_Solar_Type_I_Burst.fits
2024-08-02T22:48:08.919271 - Processed: data_240802_224348_Solar_Type_I_Burst.fits
2024-08-02T22:55:53.094082 - Processed: data_240802_225137_Solar_Type_I_Burst.fits
2024-08-02T23:07:07.165747 - Processed: data_240802_230257_Solar_Type_I_Burst.fits
2024-08-02T23:14:50.505892 - Processed: data_240802_231035_Solar_Type_I_Burst.fits
2024-08-03T09:38:37.344775 - Processed: data_240803_093430_Solar_Type_I_Burst.fits
2024-08-03T09:45:03.367460 - Processed: data_240803_094054_Solar_Type_I_Burst.fits
2024-08-03T10:04:03.417930 - Processed: data_240803_095956_Solar_Type_I_Burst.fits
2024-08-03T10:16:42.768099 - Processed: data_240803_101228_Solar_Type_I_Burst.fits
2024-08-03T10:24:57.191146 - Processed: data_240803_102045_Solar_Type_I_Burst.fits
2024-08-03T10:36:38.175768 - Processed: data_240803_103234_Solar_Type_I_Burst.fits
2024-08-03T11:43:13.348611 - Processed: data_240803_105134_Solar_Type_I_Burst.fits
